<?xml version="1.0" encoding="UTF-8"?>
<!-- Generated by org.testng.reporters.JUnitReportReporter -->
<testsuite skipped="0" hostname="DESKTOP-UUV9U2N" name="baseTest.BaseTest" tests="1" failures="0" timestamp="2020-05-22T08:25:46 IST" time="0.008" errors="0">
  <testcase name="m" time="0.008" classname="baseTest.BaseTest"/>
  <system-out/>
</testsuite> <!-- baseTest.BaseTest -->
