<?xml version="1.0" encoding="UTF-8"?>
<!-- Generated by org.testng.reporters.JUnitReportReporter -->
<testsuite skipped="0" hostname="DESKTOP-UUV9U2N" name="apiVerifications.GenerateExtendReport" tests="1" failures="0" timestamp="2020-05-22T19:27:16 IST" time="0.783" errors="0">
  <testcase name="loginTest" time="0.783" classname="apiVerifications.GenerateExtendReport"/>
</testsuite> <!-- apiVerifications.GenerateExtendReport -->
